20:13:49.231 [sandbox-akka.actor.default-dispatcher-6] INFO  akka.event.slf4j.Slf4jLogger - Slf4jLogger started 
20:14:10.576 [program-resource-pool-2] INFO  c.d.p.apiserver.LedgerApiServer - Listening on localhost:6865 over plain text. 
20:14:10.841 [program-resource-pool-1] INFO  com.daml.platform.sandboxnext.Runner - Initialized sandbox version 1.16.0 with ledger-id = f05b339d-6778-4f31-824a-4b9418add038, port = 6865, dar file = List(.daml\dist\onboarding-1.0.0.dar), time mode = wall-clock time, ledger = in-memory, auth-service = AuthServiceWildcard$, contract ids seeding = strong 
20:23:01.726 [sandbox-akka.actor.default-dispatcher-5] INFO  akka.event.slf4j.Slf4jLogger - Slf4jLogger started 
20:23:13.874 [program-resource-pool-1] INFO  c.d.p.apiserver.LedgerApiServer - Listening on localhost:6865 over plain text. 
20:23:13.927 [program-resource-pool-4] INFO  com.daml.platform.sandboxnext.Runner - Initialized sandbox version 1.16.0 with ledger-id = 4b6dba9c-cf7c-4498-84a8-a9a95fd9035d, port = 6865, dar file = List(.daml\dist\onboarding-1.0.0.dar), time mode = wall-clock time, ledger = in-memory, auth-service = AuthServiceWildcard$, contract ids seeding = strong 
23:13:10.534 [sandbox-akka.actor.default-dispatcher-4] INFO  akka.event.slf4j.Slf4jLogger - Slf4jLogger started 
23:13:36.038 [program-resource-pool-1] INFO  c.d.p.apiserver.LedgerApiServer - Listening on localhost:6865 over plain text. 
23:13:36.342 [program-resource-pool-2] INFO  com.daml.platform.sandboxnext.Runner - Initialized sandbox version 1.16.0 with ledger-id = 013eeec0-16c9-4f97-83eb-e2cb8552ebd5, port = 6865, dar file = List(.daml\dist\onboarding-1.0.0.dar), time mode = wall-clock time, ledger = in-memory, auth-service = AuthServiceWildcard$, contract ids seeding = strong 
23:14:21.587 [sandbox-akka.actor.default-dispatcher-4] INFO  akka.event.slf4j.Slf4jLogger - Slf4jLogger started 
23:14:41.477 [program-resource-pool-1] INFO  c.d.p.apiserver.LedgerApiServer - Listening on localhost:6865 over plain text. 
23:14:41.570 [program-resource-pool-3] INFO  com.daml.platform.sandboxnext.Runner - Initialized sandbox version 1.16.0 with ledger-id = 30bb46a6-b39c-4b9e-882e-c4c5b67c0308, port = 6865, dar file = List(.daml\dist\onboarding-1.0.0.dar), time mode = wall-clock time, ledger = in-memory, auth-service = AuthServiceWildcard$, contract ids seeding = strong 
13:23:24.429 [sandbox-akka.actor.default-dispatcher-4] INFO  akka.event.slf4j.Slf4jLogger - Slf4jLogger started 
13:23:42.859 [program-resource-pool-4] INFO  c.d.p.apiserver.LedgerApiServer - Listening on localhost:6865 over plain text. 
13:23:43.059 [program-resource-pool-1] INFO  com.daml.platform.sandboxnext.Runner - Initialized sandbox version 1.16.0 with ledger-id = e713482f-f55d-4dff-b5f5-295c8e058a84, port = 6865, dar file = List(.daml\dist\onboarding-1.0.0.dar), time mode = wall-clock time, ledger = in-memory, auth-service = AuthServiceWildcard$, contract ids seeding = strong 
14:56:20.734 [sandbox-akka.actor.default-dispatcher-4] INFO  akka.event.slf4j.Slf4jLogger - Slf4jLogger started 
14:56:46.727 [sandbox-akka.actor.default-dispatcher-4] INFO  akka.event.slf4j.Slf4jLogger - Slf4jLogger started 
14:57:04.646 [program-resource-pool-3] INFO  c.d.p.apiserver.LedgerApiServer - Listening on localhost:6865 over plain text. 
14:57:04.796 [program-resource-pool-4] INFO  com.daml.platform.sandboxnext.Runner - Initialized sandbox version 1.16.0 with ledger-id = 461ee94e-6676-4a31-bd76-2ed2d21cbbce, port = 6865, dar file = List(.daml\dist\onboarding-1.0.0.dar), time mode = wall-clock time, ledger = in-memory, auth-service = AuthServiceWildcard$, contract ids seeding = strong 
14:59:39.488 [sandbox-akka.actor.default-dispatcher-5] INFO  akka.event.slf4j.Slf4jLogger - Slf4jLogger started 
14:59:52.599 [program-resource-pool-1] INFO  c.d.p.apiserver.LedgerApiServer - Listening on localhost:6865 over plain text. 
14:59:52.681 [program-resource-pool-3] INFO  com.daml.platform.sandboxnext.Runner - Initialized sandbox version 1.16.0 with ledger-id = 79ab95db-a24c-449f-b8d3-366d35814234, port = 6865, dar file = List(.daml\dist\onboarding-1.0.0.dar), time mode = wall-clock time, ledger = in-memory, auth-service = AuthServiceWildcard$, contract ids seeding = strong 
17:20:25.211 [sandbox-akka.actor.default-dispatcher-4] INFO  akka.event.slf4j.Slf4jLogger - Slf4jLogger started 
17:20:45.990 [program-resource-pool-3] INFO  c.d.p.apiserver.LedgerApiServer - Listening on localhost:6865 over plain text. 
17:20:46.239 [program-resource-pool-4] INFO  com.daml.platform.sandboxnext.Runner - Initialized sandbox version 1.16.0 with ledger-id = af5db3c0-eec2-4ebb-ad1d-d064931c9faa, port = 6865, dar file = List(.daml\dist\onboarding-1.0.0.dar), time mode = wall-clock time, ledger = in-memory, auth-service = AuthServiceWildcard$, contract ids seeding = strong 
17:36:28.084 [sandbox-akka.actor.default-dispatcher-4] INFO  akka.event.slf4j.Slf4jLogger - Slf4jLogger started 
17:36:42.195 [program-resource-pool-2] INFO  c.d.p.apiserver.LedgerApiServer - Listening on localhost:6865 over plain text. 
17:36:42.267 [program-resource-pool-1] INFO  com.daml.platform.sandboxnext.Runner - Initialized sandbox version 1.16.0 with ledger-id = e596328a-6989-4c9d-b340-570b58267c92, port = 6865, dar file = List(.daml\dist\onboarding-1.0.0.dar), time mode = wall-clock time, ledger = in-memory, auth-service = AuthServiceWildcard$, contract ids seeding = strong 
17:46:24.266 [sandbox-akka.actor.default-dispatcher-4] INFO  akka.event.slf4j.Slf4jLogger - Slf4jLogger started 
17:46:38.368 [program-resource-pool-2] INFO  c.d.p.apiserver.LedgerApiServer - Listening on localhost:6865 over plain text. 
17:46:38.574 [program-resource-pool-3] INFO  com.daml.platform.sandboxnext.Runner - Initialized sandbox version 1.16.0 with ledger-id = 1e186b2e-a290-49cf-a876-f878da3084c8, port = 6865, dar file = List(.daml\dist\onboarding-1.0.0.dar), time mode = wall-clock time, ledger = in-memory, auth-service = AuthServiceWildcard$, contract ids seeding = strong 
21:28:01.285 [sandbox-akka.actor.default-dispatcher-4] INFO  akka.event.slf4j.Slf4jLogger - Slf4jLogger started 
21:28:16.914 [program-resource-pool-3] INFO  c.d.p.apiserver.LedgerApiServer - Listening on localhost:6865 over plain text. 
21:28:16.980 [program-resource-pool-4] INFO  com.daml.platform.sandboxnext.Runner - Initialized sandbox version 1.16.0 with ledger-id = 8a9953cc-4a1b-4741-a04d-f4222aaaeb28, port = 6865, dar file = List(.daml\dist\onboarding-1.0.0.dar), time mode = wall-clock time, ledger = in-memory, auth-service = AuthServiceWildcard$, contract ids seeding = strong 
21:29:20.844 [sandbox-akka.actor.default-dispatcher-4] INFO  akka.event.slf4j.Slf4jLogger - Slf4jLogger started 
21:29:37.544 [program-resource-pool-2] INFO  c.d.p.apiserver.LedgerApiServer - Listening on localhost:6865 over plain text. 
21:29:37.610 [program-resource-pool-4] INFO  com.daml.platform.sandboxnext.Runner - Initialized sandbox version 1.16.0 with ledger-id = f41a08ab-7d7d-48fa-a4d4-a22dcd70d9c6, port = 6865, dar file = List(.daml\dist\onboarding-1.0.0.dar), time mode = wall-clock time, ledger = in-memory, auth-service = AuthServiceWildcard$, contract ids seeding = strong 
21:31:10.337 [sandbox-akka.actor.default-dispatcher-5] INFO  akka.event.slf4j.Slf4jLogger - Slf4jLogger started 
21:31:27.151 [program-resource-pool-4] INFO  c.d.p.apiserver.LedgerApiServer - Listening on localhost:6865 over plain text. 
21:31:27.228 [program-resource-pool-2] INFO  com.daml.platform.sandboxnext.Runner - Initialized sandbox version 1.16.0 with ledger-id = b929c86b-c6cd-4f91-b206-62aa262d40a4, port = 6865, dar file = List(.daml\dist\onboarding-1.0.0.dar), time mode = wall-clock time, ledger = in-memory, auth-service = AuthServiceWildcard$, contract ids seeding = strong 
22:11:04.093 [sandbox-akka.actor.default-dispatcher-5] INFO  akka.event.slf4j.Slf4jLogger - Slf4jLogger started 
22:11:28.084 [program-resource-pool-4] INFO  c.d.p.apiserver.LedgerApiServer - Listening on localhost:6865 over plain text. 
22:11:28.200 [program-resource-pool-1] INFO  com.daml.platform.sandboxnext.Runner - Initialized sandbox version 1.16.0 with ledger-id = 6886aa92-f8eb-4de9-b14c-eb284717c2a8, port = 6865, dar file = List(.daml\dist\onboarding-1.0.0.dar), time mode = wall-clock time, ledger = in-memory, auth-service = AuthServiceWildcard$, contract ids seeding = strong 
23:11:26.743 [sandbox-akka.actor.default-dispatcher-4] INFO  akka.event.slf4j.Slf4jLogger - Slf4jLogger started 
23:11:42.007 [program-resource-pool-1] INFO  c.d.p.apiserver.LedgerApiServer - Listening on localhost:6865 over plain text. 
23:11:42.187 [program-resource-pool-3] INFO  com.daml.platform.sandboxnext.Runner - Initialized sandbox version 1.16.0 with ledger-id = 5424241d-36a6-4819-bb67-e57747187377, port = 6865, dar file = List(.daml\dist\onboarding-1.0.0.dar), time mode = wall-clock time, ledger = in-memory, auth-service = AuthServiceWildcard$, contract ids seeding = strong 
12:04:45.585 [sandbox-akka.actor.default-dispatcher-6] INFO  akka.event.slf4j.Slf4jLogger - Slf4jLogger started 
12:04:59.835 [program-resource-pool-3] INFO  c.d.p.apiserver.LedgerApiServer - Listening on localhost:6865 over plain text. 
12:05:00.006 [program-resource-pool-2] INFO  com.daml.platform.sandboxnext.Runner - Initialized sandbox version 1.16.0 with ledger-id = 165065df-e557-4677-84cd-1c743dda9786, port = 6865, dar file = List(.daml\dist\onboarding-1.0.0.dar), time mode = wall-clock time, ledger = in-memory, auth-service = AuthServiceWildcard$, contract ids seeding = strong 
16:18:12.301 [sandbox-akka.actor.default-dispatcher-4] INFO  akka.event.slf4j.Slf4jLogger - Slf4jLogger started 
16:18:29.856 [program-resource-pool-1] INFO  c.d.p.apiserver.LedgerApiServer - Listening on localhost:6865 over plain text. 
16:18:30.046 [program-resource-pool-3] INFO  com.daml.platform.sandboxnext.Runner - Initialized sandbox version 1.16.0 with ledger-id = 4d17d2f2-f1cf-4a5b-aab6-5e724fd47b57, port = 6865, dar file = List(.daml\dist\onboarding-1.0.0.dar), time mode = wall-clock time, ledger = in-memory, auth-service = AuthServiceWildcard$, contract ids seeding = strong 
16:18:58.477 [sandbox-akka.actor.default-dispatcher-4] INFO  akka.event.slf4j.Slf4jLogger - Slf4jLogger started 
16:19:17.181 [program-resource-pool-2] INFO  c.d.p.apiserver.LedgerApiServer - Listening on localhost:6865 over plain text. 
16:19:17.261 [program-resource-pool-3] INFO  com.daml.platform.sandboxnext.Runner - Initialized sandbox version 1.16.0 with ledger-id = dfb0661c-256e-4f81-8a6b-ad177793ea41, port = 6865, dar file = List(.daml\dist\onboarding-1.0.0.dar), time mode = wall-clock time, ledger = in-memory, auth-service = AuthServiceWildcard$, contract ids seeding = strong 
16:45:02.528 [sandbox-akka.actor.default-dispatcher-5] INFO  akka.event.slf4j.Slf4jLogger - Slf4jLogger started 
16:45:20.759 [program-resource-pool-1] INFO  c.d.p.apiserver.LedgerApiServer - Listening on localhost:6865 over plain text. 
16:45:20.845 [program-resource-pool-3] INFO  com.daml.platform.sandboxnext.Runner - Initialized sandbox version 1.16.0 with ledger-id = 1d5a5c8e-caa6-46ec-9ff9-75dfe00808a5, port = 6865, dar file = List(.daml\dist\onboarding-1.0.0.dar), time mode = wall-clock time, ledger = in-memory, auth-service = AuthServiceWildcard$, contract ids seeding = strong 
16:45:48.304 [sandbox-akka.actor.default-dispatcher-6] INFO  akka.actor.RepointableActorRef - Message [com.daml.grpc.adapter.server.rs.ServerSubscriber$$Lambda$3304/0x00000008015e1ad0] to Actor[akka://sandbox/system/ledger-api-server-rs-grpc-bridge-e5f98536-e544-4111-993b-00ea48ccf8cc-3#-24779395] was not delivered. [1] dead letters encountered. If this is not an expected behavior then Actor[akka://sandbox/system/ledger-api-server-rs-grpc-bridge-e5f98536-e544-4111-993b-00ea48ccf8cc-3#-24779395] may have terminated unexpectedly. This logging can be turned off or adjusted with configuration settings 'akka.log-dead-letters' and 'akka.log-dead-letters-during-shutdown'. akkaAddress=akka://sandbox, sourceThread=sandbox-akka.actor.default-dispatcher-5, akkaSource=akka://sandbox/system/ledger-api-server-rs-grpc-bridge-e5f98536-e544-4111-993b-00ea48ccf8cc-3, sourceActorSystem=sandbox, akkaMessageClass=com.daml.grpc.adapter.server.rs.ServerSubscriber$$Lambda$3304/0x00000008015e1ad0, akkaTimestamp=11:15:48.297UTC
16:45:48.413 [sandbox-akka.actor.default-dispatcher-6] INFO  akka.actor.RepointableActorRef - Message [com.daml.grpc.adapter.server.rs.ServerSubscriber$$Lambda$3304/0x00000008015e1ad0] to Actor[akka://sandbox/system/ledger-api-server-rs-grpc-bridge-e5f98536-e544-4111-993b-00ea48ccf8cc-5#-1292339556] was not delivered. [2] dead letters encountered. If this is not an expected behavior then Actor[akka://sandbox/system/ledger-api-server-rs-grpc-bridge-e5f98536-e544-4111-993b-00ea48ccf8cc-5#-1292339556] may have terminated unexpectedly. This logging can be turned off or adjusted with configuration settings 'akka.log-dead-letters' and 'akka.log-dead-letters-during-shutdown'. akkaAddress=akka://sandbox, sourceThread=sandbox-akka.actor.default-dispatcher-5, akkaSource=akka://sandbox/system/ledger-api-server-rs-grpc-bridge-e5f98536-e544-4111-993b-00ea48ccf8cc-5, sourceActorSystem=sandbox, akkaMessageClass=com.daml.grpc.adapter.server.rs.ServerSubscriber$$Lambda$3304/0x00000008015e1ad0, akkaTimestamp=11:15:48.297UTC
16:45:48.428 [sandbox-akka.actor.default-dispatcher-6] INFO  akka.actor.RepointableActorRef - Message [com.daml.grpc.adapter.server.rs.ServerSubscriber$$Lambda$3304/0x00000008015e1ad0] to Actor[akka://sandbox/system/ledger-api-server-rs-grpc-bridge-e5f98536-e544-4111-993b-00ea48ccf8cc-0#1443774739] was not delivered. [3] dead letters encountered. If this is not an expected behavior then Actor[akka://sandbox/system/ledger-api-server-rs-grpc-bridge-e5f98536-e544-4111-993b-00ea48ccf8cc-0#1443774739] may have terminated unexpectedly. This logging can be turned off or adjusted with configuration settings 'akka.log-dead-letters' and 'akka.log-dead-letters-during-shutdown'. akkaAddress=akka://sandbox, sourceThread=sandbox-akka.actor.default-dispatcher-5, akkaSource=akka://sandbox/system/ledger-api-server-rs-grpc-bridge-e5f98536-e544-4111-993b-00ea48ccf8cc-0, sourceActorSystem=sandbox, akkaMessageClass=com.daml.grpc.adapter.server.rs.ServerSubscriber$$Lambda$3304/0x00000008015e1ad0, akkaTimestamp=11:15:48.297UTC
16:45:48.432 [sandbox-akka.actor.default-dispatcher-6] INFO  akka.actor.RepointableActorRef - Message [com.daml.grpc.adapter.server.rs.ServerSubscriber$$Lambda$3304/0x00000008015e1ad0] to Actor[akka://sandbox/system/ledger-api-server-rs-grpc-bridge-e5f98536-e544-4111-993b-00ea48ccf8cc-2#-1671129520] was not delivered. [4] dead letters encountered. If this is not an expected behavior then Actor[akka://sandbox/system/ledger-api-server-rs-grpc-bridge-e5f98536-e544-4111-993b-00ea48ccf8cc-2#-1671129520] may have terminated unexpectedly. This logging can be turned off or adjusted with configuration settings 'akka.log-dead-letters' and 'akka.log-dead-letters-during-shutdown'. akkaAddress=akka://sandbox, sourceThread=sandbox-akka.actor.default-dispatcher-5, akkaSource=akka://sandbox/system/ledger-api-server-rs-grpc-bridge-e5f98536-e544-4111-993b-00ea48ccf8cc-2, sourceActorSystem=sandbox, akkaMessageClass=com.daml.grpc.adapter.server.rs.ServerSubscriber$$Lambda$3304/0x00000008015e1ad0, akkaTimestamp=11:15:48.298UTC
16:45:48.434 [sandbox-akka.actor.default-dispatcher-6] INFO  akka.actor.RepointableActorRef - Message [com.daml.grpc.adapter.server.rs.ServerSubscriber$$Lambda$3304/0x00000008015e1ad0] to Actor[akka://sandbox/system/ledger-api-server-rs-grpc-bridge-e5f98536-e544-4111-993b-00ea48ccf8cc-1#-1701581184] was not delivered. [5] dead letters encountered. If this is not an expected behavior then Actor[akka://sandbox/system/ledger-api-server-rs-grpc-bridge-e5f98536-e544-4111-993b-00ea48ccf8cc-1#-1701581184] may have terminated unexpectedly. This logging can be turned off or adjusted with configuration settings 'akka.log-dead-letters' and 'akka.log-dead-letters-during-shutdown'. akkaAddress=akka://sandbox, sourceThread=sandbox-akka.actor.default-dispatcher-5, akkaSource=akka://sandbox/system/ledger-api-server-rs-grpc-bridge-e5f98536-e544-4111-993b-00ea48ccf8cc-1, sourceActorSystem=sandbox, akkaMessageClass=com.daml.grpc.adapter.server.rs.ServerSubscriber$$Lambda$3304/0x00000008015e1ad0, akkaTimestamp=11:15:48.298UTC
16:45:48.437 [sandbox-akka.actor.default-dispatcher-9] INFO  akka.actor.RepointableActorRef - Message [com.daml.grpc.adapter.server.rs.ServerSubscriber$$Lambda$3304/0x00000008015e1ad0] to Actor[akka://sandbox/system/ledger-api-server-rs-grpc-bridge-e5f98536-e544-4111-993b-00ea48ccf8cc-4#-760241084] was not delivered. [6] dead letters encountered. If this is not an expected behavior then Actor[akka://sandbox/system/ledger-api-server-rs-grpc-bridge-e5f98536-e544-4111-993b-00ea48ccf8cc-4#-760241084] may have terminated unexpectedly. This logging can be turned off or adjusted with configuration settings 'akka.log-dead-letters' and 'akka.log-dead-letters-during-shutdown'. akkaAddress=akka://sandbox, sourceThread=sandbox-akka.actor.default-dispatcher-5, akkaSource=akka://sandbox/system/ledger-api-server-rs-grpc-bridge-e5f98536-e544-4111-993b-00ea48ccf8cc-4, sourceActorSystem=sandbox, akkaMessageClass=com.daml.grpc.adapter.server.rs.ServerSubscriber$$Lambda$3304/0x00000008015e1ad0, akkaTimestamp=11:15:48.298UTC
17:37:35.005 [sandbox-akka.actor.default-dispatcher-6] INFO  akka.event.slf4j.Slf4jLogger - Slf4jLogger started 
17:37:59.511 [program-resource-pool-4] INFO  c.d.p.apiserver.LedgerApiServer - Listening on localhost:6865 over plain text. 
17:37:59.671 [program-resource-pool-1] INFO  com.daml.platform.sandboxnext.Runner - Initialized sandbox version 1.16.0 with ledger-id = d697055f-4815-4186-8478-8263212e080d, port = 6865, dar file = List(.daml\dist\onboarding-1.0.0.dar), time mode = wall-clock time, ledger = in-memory, auth-service = AuthServiceWildcard$, contract ids seeding = strong 
17:41:39.173 [sandbox-akka.actor.default-dispatcher-6] INFO  akka.event.slf4j.Slf4jLogger - Slf4jLogger started 
17:41:55.417 [program-resource-pool-2] INFO  c.d.p.apiserver.LedgerApiServer - Listening on localhost:6865 over plain text. 
17:41:55.504 [program-resource-pool-4] INFO  com.daml.platform.sandboxnext.Runner - Initialized sandbox version 1.16.0 with ledger-id = 0d80d2ec-aa2d-41ec-95a9-a938421a640a, port = 6865, dar file = List(.daml\dist\onboarding-1.0.0.dar), time mode = wall-clock time, ledger = in-memory, auth-service = AuthServiceWildcard$, contract ids seeding = strong 
11:02:14.367 [sandbox-akka.actor.default-dispatcher-5] INFO  akka.event.slf4j.Slf4jLogger - Slf4jLogger started 
11:02:37.526 [program-resource-pool-4] INFO  c.d.p.apiserver.LedgerApiServer - Listening on localhost:6865 over plain text. 
11:02:37.721 [program-resource-pool-2] INFO  com.daml.platform.sandboxnext.Runner - Initialized sandbox version 1.16.0 with ledger-id = 1921f249-5837-4d3c-a7e5-5a3de40654fa, port = 6865, dar file = List(.daml\dist\onboarding-1.0.0.dar), time mode = wall-clock time, ledger = in-memory, auth-service = AuthServiceWildcard$, contract ids seeding = strong 
11:45:28.780 [sandbox-akka.actor.default-dispatcher-4] INFO  akka.event.slf4j.Slf4jLogger - Slf4jLogger started 
11:45:44.690 [program-resource-pool-2] INFO  c.d.p.apiserver.LedgerApiServer - Listening on localhost:6865 over plain text. 
11:45:44.748 [program-resource-pool-4] INFO  com.daml.platform.sandboxnext.Runner - Initialized sandbox version 1.16.0 with ledger-id = 390264b3-7381-43c4-a208-5f872d9e727c, port = 6865, dar file = List(.daml\dist\onboarding-1.0.0.dar), time mode = wall-clock time, ledger = in-memory, auth-service = AuthServiceWildcard$, contract ids seeding = strong 
